<?xml version="1.0" encoding="UTF-8"?>
<!-- Generated by org.testng.reporters.JUnitXMLReporter -->
<testsuite hostname="DESKTOP-T1TKO85" failures="1" tests="1" name="BankingApp Test" time="60.299" errors="0" timestamp="6 Mar 2022 18:17:44 GMT">
  <testcase classname="com.inetbanking.testcases.TC_LoginTest_001" name="loginTest" time="35.57">
    <failure type="junit.framework.AssertionFailedError">
      <![CDATA[junit.framework.AssertionFailedError
	at junit.framework.Assert.fail(Assert.java:47)
	at junit.framework.Assert.assertTrue(Assert.java:20)
	at junit.framework.Assert.assertTrue(Assert.java:27)
	at com.inetbanking.testcases.TC_LoginTest_001.loginTest(TC_LoginTest_001.java:37)
... Removed 24 stack frames]]>
    </failure>
  </testcase> <!-- loginTest -->
</testsuite> <!-- BankingApp Test -->
